gyp info it worked if it ends with ok
gyp info using node-gyp@5.1.0
gyp info using node@14.17.6 | darwin | x64
gyp info find Python using Python version 2.7.16 found at "/System/Library/Frameworks/Python.framework/Versions/2.7/Resources/Python.app/Contents/MacOS/Python"
gyp info spawn /System/Library/Frameworks/Python.framework/Versions/2.7/Resources/Python.app/Contents/MacOS/Python
gyp info spawn args [
gyp info spawn args   '/usr/local/lib/node_modules/npm/node_modules/node-gyp/gyp/gyp_main.py',
gyp info spawn args   'binding.gyp',
gyp info spawn args   '-f',
gyp info spawn args   'make',
gyp info spawn args   '-I',
gyp info spawn args   '/Users/liujunshen/WebstormProjects/map/hiveswap_subgraph/node_modules/ursa-optional/build/config.gypi',
gyp info spawn args   '-I',
gyp info spawn args   '/usr/local/lib/node_modules/npm/node_modules/node-gyp/addon.gypi',
gyp info spawn args   '-I',
gyp info spawn args   '/Users/liujunshen/Library/Caches/node-gyp/14.17.6/include/node/common.gypi',
gyp info spawn args   '-Dlibrary=shared_library',
gyp info spawn args   '-Dvisibility=default',
gyp info spawn args   '-Dnode_root_dir=/Users/liujunshen/Library/Caches/node-gyp/14.17.6',
gyp info spawn args   '-Dnode_gyp_dir=/usr/local/lib/node_modules/npm/node_modules/node-gyp',
gyp info spawn args   '-Dnode_lib_file=/Users/liujunshen/Library/Caches/node-gyp/14.17.6/<(target_arch)/node.lib',
gyp info spawn args   '-Dmodule_root_dir=/Users/liujunshen/WebstormProjects/map/hiveswap_subgraph/node_modules/ursa-optional',
gyp info spawn args   '-Dnode_engine=v8',
gyp info spawn args   '--depth=.',
gyp info spawn args   '--no-parallel',
gyp info spawn args   '--generator-output',
gyp info spawn args   'build',
gyp info spawn args   '-Goutput_dir=.'
gyp info spawn args ]
gyp info spawn make
gyp info spawn args [ 'BUILDTYPE=Release', '-C', 'build' ]
In file included from ../src/ursaNative.cc:3:
In file included from ../src/ursaNative.h:10:
In file included from ../../nan/nan.h:2884:
../../nan/nan_typedarray_contents.h:34:43: warning: 'GetContents' is deprecated: Use GetBackingStore. See http://crbug.com/v8/9908. [-Wdeprecated-declarations]
      data   = static_cast<char*>(buffer->GetContents().Data()) + byte_offset;
                                          ^
/Users/liujunshen/Library/Caches/node-gyp/14.17.6/include/node/v8.h:5272:3: note: 'GetContents' has been explicitly marked deprecated here
  V8_DEPRECATE_SOON("Use GetBackingStore. See http://crbug.com/v8/9908.")
  ^
/Users/liujunshen/Library/Caches/node-gyp/14.17.6/include/node/v8config.h:402:39: note: expanded from macro 'V8_DEPRECATE_SOON'
# define V8_DEPRECATE_SOON(message) [[deprecated(message)]]
                                      ^
../src/ursaNative.cc:543:32: error: too few arguments to function call, single argument 'isolate' was not specified
  int length = str->Utf8Length();
               ~~~~~~~~~~~~~~~ ^
/Users/liujunshen/Library/Caches/node-gyp/14.17.6/include/node/v8.h:2977:7: note: 'Utf8Length' declared here
  int Utf8Length(Isolate* isolate) const;
      ^
../src/ursaNative.cc:553:18: error: cannot initialize a parameter of type 'v8::Isolate *' with an lvalue of type 'char *'
  str->WriteUtf8(result, length + 1);
                 ^~~~~~
/Users/liujunshen/Library/Caches/node-gyp/14.17.6/include/node/v8.h:3037:26: note: passing argument to parameter 'isolate' here
  int WriteUtf8(Isolate* isolate, char* buffer, int length = -1,
                         ^
../src/ursaNative.cc:690:68: error: too few arguments to function call, single argument 'context' was not specified
  target->Set(NanNew("RsaWrap").ToLocalChecked(), tpl->GetFunction());
                                                  ~~~~~~~~~~~~~~~~ ^
/Users/liujunshen/Library/Caches/node-gyp/14.17.6/include/node/v8.h:6482:46: note: 'GetFunction' declared here
  V8_WARN_UNUSED_RESULT MaybeLocal<Function> GetFunction(
                                             ^
../src/ursaNative.cc:690:11: error: no matching member function for call to 'Set'
  target->Set(NanNew("RsaWrap").ToLocalChecked(), tpl->GetFunction());
  ~~~~~~~~^~~
/Users/liujunshen/Library/Caches/node-gyp/14.17.6/include/node/v8.h:3670:37: note: candidate function not viable: requires 3 arguments, but 2 were provided
  V8_WARN_UNUSED_RESULT Maybe<bool> Set(Local<Context> context,
                                    ^
/Users/liujunshen/Library/Caches/node-gyp/14.17.6/include/node/v8.h:3673:37: note: candidate function not viable: requires 3 arguments, but 2 were provided
  V8_WARN_UNUSED_RESULT Maybe<bool> Set(Local<Context> context, uint32_t index,
                                    ^
../src/ursaNative.cc:691:38: error: too few arguments to function call, single argument 'context' was not specified
  constructor.Reset(tpl->GetFunction());
                    ~~~~~~~~~~~~~~~~ ^
/Users/liujunshen/Library/Caches/node-gyp/14.17.6/include/node/v8.h:6482:46: note: 'GetFunction' declared here
  V8_WARN_UNUSED_RESULT MaybeLocal<Function> GetFunction(
                                             ^
../src/ursaNative.cc:691:15: error: no matching member function for call to 'Reset'
  constructor.Reset(tpl->GetFunction());
  ~~~~~~~~~~~~^~~~~
../../nan/nan_persistent_12_inl.h:28:15: note: candidate template ignored: could not match 'Local' against 'MaybeLocal'
  inline void Reset(const v8::Local<S> &other) {
              ^
../../nan/nan_persistent_12_inl.h:33:15: note: candidate template ignored: could not match 'PersistentBase' against 'MaybeLocal'
  inline void Reset(const v8::PersistentBase<S> &other) {
              ^
../../nan/nan_persistent_12_inl.h:25:15: note: candidate function not viable: requires 0 arguments, but 1 was provided
  inline void Reset() { v8::PersistentBase<T>::Reset(); }
              ^
../src/ursaNative.cc:693:104: error: too few arguments to function call, single argument 'context' was not specified
  target->Set(NanNew("textToNid").ToLocalChecked(), Nan::New<FunctionTemplate>(TextToNid)->GetFunction());
                                                    ~~~~~~~~~~~~~~~~~~~~~~~~~~~~~~~~~~~~~~~~~~~~~~~~~~ ^
/Users/liujunshen/Library/Caches/node-gyp/14.17.6/include/node/v8.h:6482:46: note: 'GetFunction' declared here
  V8_WARN_UNUSED_RESULT MaybeLocal<Function> GetFunction(
                                             ^
../src/ursaNative.cc:693:11: error: no matching member function for call to 'Set'
  target->Set(NanNew("textToNid").ToLocalChecked(), Nan::New<FunctionTemplate>(TextToNid)->GetFunction());
  ~~~~~~~~^~~
/Users/liujunshen/Library/Caches/node-gyp/14.17.6/include/node/v8.h:3670:37: note: candidate function not viable: requires 3 arguments, but 2 were provided
  V8_WARN_UNUSED_RESULT Maybe<bool> Set(Local<Context> context,
                                    ^
/Users/liujunshen/Library/Caches/node-gyp/14.17.6/include/node/v8.h:3673:37: note: candidate function not viable: requires 3 arguments, but 2 were provided
  V8_WARN_UNUSED_RESULT Maybe<bool> Set(Local<Context> context, uint32_t index,
                                    ^
../src/ursaNative.cc:866:42: error: too few arguments to function call, single argument 'context' was not specified
  int modulusBits = args[0]->Uint32Value();
                    ~~~~~~~~~~~~~~~~~~~~ ^
/Users/liujunshen/Library/Caches/node-gyp/14.17.6/include/node/v8.h:2866:41: note: 'Uint32Value' declared here
  V8_WARN_UNUSED_RESULT Maybe<uint32_t> Uint32Value(
                                        ^
../src/ursaNative.cc:866:7: error: no viable conversion from 'Maybe<uint32_t>' (aka 'Maybe<unsigned int>') to 'int'
  int modulusBits = args[0]->Uint32Value();
      ^             ~~~~~~~~~~~~~~~~~~~~~~
../src/ursaNative.cc:867:39: error: too few arguments to function call, single argument 'context' was not specified
  int exponent = args[1]->Uint32Value();
                 ~~~~~~~~~~~~~~~~~~~~ ^
/Users/liujunshen/Library/Caches/node-gyp/14.17.6/include/node/v8.h:2866:41: note: 'Uint32Value' declared here
  V8_WARN_UNUSED_RESULT Maybe<uint32_t> Uint32Value(
                                        ^
../src/ursaNative.cc:867:7: error: no viable conversion from 'Maybe<uint32_t>' (aka 'Maybe<unsigned int>') to 'int'
  int exponent = args[1]->Uint32Value();
      ^          ~~~~~~~~~~~~~~~~~~~~~~
../src/ursaNative.cc:1103:38: error: too few arguments to function call, single argument 'context' was not specified
  int padding = args[1]->Uint32Value();
                ~~~~~~~~~~~~~~~~~~~~ ^
/Users/liujunshen/Library/Caches/node-gyp/14.17.6/include/node/v8.h:2866:41: note: 'Uint32Value' declared here
  V8_WARN_UNUSED_RESULT Maybe<uint32_t> Uint32Value(
                                        ^
../src/ursaNative.cc:1103:7: error: no viable conversion from 'Maybe<uint32_t>' (aka 'Maybe<unsigned int>') to 'int'
  int padding = args[1]->Uint32Value();
      ^         ~~~~~~~~~~~~~~~~~~~~~~
../src/ursaNative.cc:1161:38: error: too few arguments to function call, single argument 'context' was not specified
  int padding = args[1]->Uint32Value();
                ~~~~~~~~~~~~~~~~~~~~ ^
/Users/liujunshen/Library/Caches/node-gyp/14.17.6/include/node/v8.h:2866:41: note: 'Uint32Value' declared here
  V8_WARN_UNUSED_RESULT Maybe<uint32_t> Uint32Value(
                                        ^
../src/ursaNative.cc:1161:7: error: no viable conversion from 'Maybe<uint32_t>' (aka 'Maybe<unsigned int>') to 'int'
  int padding = args[1]->Uint32Value();
      ^         ~~~~~~~~~~~~~~~~~~~~~~
../src/ursaNative.cc:1218:38: error: too few arguments to function call, single argument 'context' was not specified
  int padding = args[1]->Uint32Value();
                ~~~~~~~~~~~~~~~~~~~~ ^
/Users/liujunshen/Library/Caches/node-gyp/14.17.6/include/node/v8.h:2866:41: note: 'Uint32Value' declared here
  V8_WARN_UNUSED_RESULT Maybe<uint32_t> Uint32Value(
                                        ^
../src/ursaNative.cc:1218:7: error: no viable conversion from 'Maybe<uint32_t>' (aka 'Maybe<unsigned int>') to 'int'
  int padding = args[1]->Uint32Value();
      ^         ~~~~~~~~~~~~~~~~~~~~~~
../src/ursaNative.cc:1272:38: error: too few arguments to function call, single argument 'context' was not specified
  int padding = args[1]->Uint32Value();
                ~~~~~~~~~~~~~~~~~~~~ ^
/Users/liujunshen/Library/Caches/node-gyp/14.17.6/include/node/v8.h:2866:41: note: 'Uint32Value' declared here
  V8_WARN_UNUSED_RESULT Maybe<uint32_t> Uint32Value(
                                        ^
fatal error: too many errors emitted, stopping now [-ferror-limit=]
1 warning and 20 errors generated.
make: *** [Release/obj.target/ursaNative/src/ursaNative.o] Error 1
gyp ERR! build error 
gyp ERR! stack Error: `make` failed with exit code: 2
gyp ERR! stack     at ChildProcess.onExit (/usr/local/lib/node_modules/npm/node_modules/node-gyp/lib/build.js:194:23)
gyp ERR! stack     at ChildProcess.emit (events.js:400:28)
gyp ERR! stack     at Process.ChildProcess._handle.onexit (internal/child_process.js:277:12)
gyp ERR! System Darwin 20.6.0
gyp ERR! command "/usr/local/bin/node" "/usr/local/lib/node_modules/npm/node_modules/node-gyp/bin/node-gyp.js" "rebuild"
gyp ERR! cwd /Users/liujunshen/WebstormProjects/map/hiveswap_subgraph/node_modules/ursa-optional
gyp ERR! node -v v14.17.6
gyp ERR! node-gyp -v v5.1.0
gyp ERR! not ok 
error Command failed with exit code 1.
